<?xml version="1.0" encoding="UTF-8"?>
<testsuite xmlns:xsi="http://www.w3.org/2001/XMLSchema-instance" xsi:noNamespaceSchemaLocation="https://maven.apache.org/surefire/maven-surefire-plugin/xsd/surefire-test-report-3.0.xsd" version="3.0" name="test.UserTest" time="12.038" tests="1" errors="0" skipped="0" failures="0">
  <properties>
    <property name="java.specification.version" value="19"/>
    <property name="sun.jnu.encoding" value="UTF-8"/>
    <property name="java.class.path" value="/Users/shashankshrivastava/eclipse-workspace/VitaMojo/target/test-classes:/Users/shashankshrivastava/eclipse-workspace/VitaMojo/target/classes:/Users/shashankshrivastava/.m2/repository/io/rest-assured/rest-assured/5.3.0/rest-assured-5.3.0.jar:/Users/shashankshrivastava/.m2/repository/org/apache/groovy/groovy/4.0.6/groovy-4.0.6.jar:/Users/shashankshrivastava/.m2/repository/org/apache/groovy/groovy-xml/4.0.6/groovy-xml-4.0.6.jar:/Users/shashankshrivastava/.m2/repository/org/apache/httpcomponents/httpclient/4.5.13/httpclient-4.5.13.jar:/Users/shashankshrivastava/.m2/repository/org/apache/httpcomponents/httpcore/4.4.13/httpcore-4.4.13.jar:/Users/shashankshrivastava/.m2/repository/commons-logging/commons-logging/1.2/commons-logging-1.2.jar:/Users/shashankshrivastava/.m2/repository/commons-codec/commons-codec/1.11/commons-codec-1.11.jar:/Users/shashankshrivastava/.m2/repository/org/apache/httpcomponents/httpmime/4.5.13/httpmime-4.5.13.jar:/Users/shashankshrivastava/.m2/repository/org/hamcrest/hamcrest/2.1/hamcrest-2.1.jar:/Users/shashankshrivastava/.m2/repository/org/ccil/cowan/tagsoup/tagsoup/1.2.1/tagsoup-1.2.1.jar:/Users/shashankshrivastava/.m2/repository/io/rest-assured/json-path/5.3.0/json-path-5.3.0.jar:/Users/shashankshrivastava/.m2/repository/org/apache/groovy/groovy-json/4.0.6/groovy-json-4.0.6.jar:/Users/shashankshrivastava/.m2/repository/io/rest-assured/rest-assured-common/5.3.0/rest-assured-common-5.3.0.jar:/Users/shashankshrivastava/.m2/repository/io/rest-assured/xml-path/5.3.0/xml-path-5.3.0.jar:/Users/shashankshrivastava/.m2/repository/org/testng/testng/7.7.1/testng-7.7.1.jar:/Users/shashankshrivastava/.m2/repository/org/slf4j/slf4j-api/1.7.36/slf4j-api-1.7.36.jar:/Users/shashankshrivastava/.m2/repository/com/beust/jcommander/1.82/jcommander-1.82.jar:/Users/shashankshrivastava/.m2/repository/org/webjars/jquery/3.6.1/jquery-3.6.1.jar:/Users/shashankshrivastava/.m2/repository/com/fasterxml/jackson/core/jackson-databind/2.14.2/jackson-databind-2.14.2.jar:/Users/shashankshrivastava/.m2/repository/com/fasterxml/jackson/core/jackson-annotations/2.14.2/jackson-annotations-2.14.2.jar:/Users/shashankshrivastava/.m2/repository/com/fasterxml/jackson/core/jackson-core/2.14.2/jackson-core-2.14.2.jar:/Users/shashankshrivastava/.m2/repository/com/github/javafaker/javafaker/1.0.2/javafaker-1.0.2.jar:/Users/shashankshrivastava/.m2/repository/org/apache/commons/commons-lang3/3.5/commons-lang3-3.5.jar:/Users/shashankshrivastava/.m2/repository/org/yaml/snakeyaml/1.23/snakeyaml-1.23-android.jar:/Users/shashankshrivastava/.m2/repository/com/github/mifmif/generex/1.0.2/generex-1.0.2.jar:/Users/shashankshrivastava/.m2/repository/dk/brics/automaton/automaton/1.11-8/automaton-1.11-8.jar:"/>
    <property name="java.vm.vendor" value="Oracle Corporation"/>
    <property name="sun.arch.data.model" value="64"/>
    <property name="java.vendor.url" value="https://java.oracle.com/"/>
    <property name="user.timezone" value="Asia/Kolkata"/>
    <property name="os.name" value="Mac OS X"/>
    <property name="java.vm.specification.version" value="19"/>
    <property name="sun.java.launcher" value="SUN_STANDARD"/>
    <property name="user.country" value="GB"/>
    <property name="sun.boot.library.path" value="/Library/Java/JavaVirtualMachines/jdk-19.jdk/Contents/Home/lib"/>
    <property name="sun.java.command" value="/Users/shashankshrivastava/eclipse-workspace/VitaMojo/target/surefire/surefirebooter-20230715033344978_3.jar /Users/shashankshrivastava/eclipse-workspace/VitaMojo/target/surefire 2023-07-15T03-33-44_411-jvmRun1 surefire-20230715033344978_1tmp surefire_0-20230715033344978_2tmp"/>
    <property name="http.nonProxyHosts" value="local|*.local|169.254/16|*.169.254/16"/>
    <property name="jdk.debug" value="release"/>
    <property name="surefire.test.class.path" value="/Users/shashankshrivastava/eclipse-workspace/VitaMojo/target/test-classes:/Users/shashankshrivastava/eclipse-workspace/VitaMojo/target/classes:/Users/shashankshrivastava/.m2/repository/io/rest-assured/rest-assured/5.3.0/rest-assured-5.3.0.jar:/Users/shashankshrivastava/.m2/repository/org/apache/groovy/groovy/4.0.6/groovy-4.0.6.jar:/Users/shashankshrivastava/.m2/repository/org/apache/groovy/groovy-xml/4.0.6/groovy-xml-4.0.6.jar:/Users/shashankshrivastava/.m2/repository/org/apache/httpcomponents/httpclient/4.5.13/httpclient-4.5.13.jar:/Users/shashankshrivastava/.m2/repository/org/apache/httpcomponents/httpcore/4.4.13/httpcore-4.4.13.jar:/Users/shashankshrivastava/.m2/repository/commons-logging/commons-logging/1.2/commons-logging-1.2.jar:/Users/shashankshrivastava/.m2/repository/commons-codec/commons-codec/1.11/commons-codec-1.11.jar:/Users/shashankshrivastava/.m2/repository/org/apache/httpcomponents/httpmime/4.5.13/httpmime-4.5.13.jar:/Users/shashankshrivastava/.m2/repository/org/hamcrest/hamcrest/2.1/hamcrest-2.1.jar:/Users/shashankshrivastava/.m2/repository/org/ccil/cowan/tagsoup/tagsoup/1.2.1/tagsoup-1.2.1.jar:/Users/shashankshrivastava/.m2/repository/io/rest-assured/json-path/5.3.0/json-path-5.3.0.jar:/Users/shashankshrivastava/.m2/repository/org/apache/groovy/groovy-json/4.0.6/groovy-json-4.0.6.jar:/Users/shashankshrivastava/.m2/repository/io/rest-assured/rest-assured-common/5.3.0/rest-assured-common-5.3.0.jar:/Users/shashankshrivastava/.m2/repository/io/rest-assured/xml-path/5.3.0/xml-path-5.3.0.jar:/Users/shashankshrivastava/.m2/repository/org/testng/testng/7.7.1/testng-7.7.1.jar:/Users/shashankshrivastava/.m2/repository/org/slf4j/slf4j-api/1.7.36/slf4j-api-1.7.36.jar:/Users/shashankshrivastava/.m2/repository/com/beust/jcommander/1.82/jcommander-1.82.jar:/Users/shashankshrivastava/.m2/repository/org/webjars/jquery/3.6.1/jquery-3.6.1.jar:/Users/shashankshrivastava/.m2/repository/com/fasterxml/jackson/core/jackson-databind/2.14.2/jackson-databind-2.14.2.jar:/Users/shashankshrivastava/.m2/repository/com/fasterxml/jackson/core/jackson-annotations/2.14.2/jackson-annotations-2.14.2.jar:/Users/shashankshrivastava/.m2/repository/com/fasterxml/jackson/core/jackson-core/2.14.2/jackson-core-2.14.2.jar:/Users/shashankshrivastava/.m2/repository/com/github/javafaker/javafaker/1.0.2/javafaker-1.0.2.jar:/Users/shashankshrivastava/.m2/repository/org/apache/commons/commons-lang3/3.5/commons-lang3-3.5.jar:/Users/shashankshrivastava/.m2/repository/org/yaml/snakeyaml/1.23/snakeyaml-1.23-android.jar:/Users/shashankshrivastava/.m2/repository/com/github/mifmif/generex/1.0.2/generex-1.0.2.jar:/Users/shashankshrivastava/.m2/repository/dk/brics/automaton/automaton/1.11-8/automaton-1.11-8.jar:"/>
    <property name="sun.cpu.endian" value="little"/>
    <property name="user.home" value="/Users/shashankshrivastava"/>
    <property name="user.language" value="en"/>
    <property name="java.specification.vendor" value="Oracle Corporation"/>
    <property name="java.version.date" value="2022-10-18"/>
    <property name="java.home" value="/Library/Java/JavaVirtualMachines/jdk-19.jdk/Contents/Home"/>
    <property name="file.separator" value="/"/>
    <property name="basedir" value="/Users/shashankshrivastava/eclipse-workspace/VitaMojo"/>
    <property name="style.color" value="always"/>
    <property name="java.vm.compressedOopsMode" value="Zero based"/>
    <property name="line.separator" value="&#10;"/>
    <property name="java.vm.specification.vendor" value="Oracle Corporation"/>
    <property name="java.specification.name" value="Java Platform API Specification"/>
    <property name="apple.awt.application.name" value="ForkedBooter"/>
    <property name="surefire.real.class.path" value="/Users/shashankshrivastava/eclipse-workspace/VitaMojo/target/surefire/surefirebooter-20230715033344978_3.jar"/>
    <property name="sun.management.compiler" value="HotSpot 64-Bit Tiered Compilers"/>
    <property name="ftp.nonProxyHosts" value="local|*.local|169.254/16|*.169.254/16"/>
    <property name="java.runtime.version" value="19.0.1+10-21"/>
    <property name="user.name" value="shashankshrivastava"/>
    <property name="stdout.encoding" value="UTF-8"/>
    <property name="path.separator" value=":"/>
    <property name="os.version" value="13.4.1"/>
    <property name="java.runtime.name" value="Java(TM) SE Runtime Environment"/>
    <property name="file.encoding" value="UTF-8"/>
    <property name="java.vm.name" value="Java HotSpot(TM) 64-Bit Server VM"/>
    <property name="localRepository" value="/Users/shashankshrivastava/.m2/repository"/>
    <property name="java.vendor.url.bug" value="https://bugreport.java.com/bugreport/"/>
    <property name="java.io.tmpdir" value="/var/folders/01/9sjdwxb51wg02bwdn7ch2mx00000gn/T/"/>
    <property name="java.version" value="19.0.1"/>
    <property name="user.dir" value="/Users/shashankshrivastava/eclipse-workspace/VitaMojo"/>
    <property name="os.arch" value="x86_64"/>
    <property name="java.vm.specification.name" value="Java Virtual Machine Specification"/>
    <property name="native.encoding" value="UTF-8"/>
    <property name="java.library.path" value="/Users/shashankshrivastava/Library/Java/Extensions:/Library/Java/Extensions:/Network/Library/Java/Extensions:/System/Library/Java/Extensions:/usr/lib/java:."/>
    <property name="java.vm.info" value="mixed mode, sharing"/>
    <property name="stderr.encoding" value="UTF-8"/>
    <property name="java.vendor" value="Oracle Corporation"/>
    <property name="java.vm.version" value="19.0.1+10-21"/>
    <property name="sun.io.unicode.encoding" value="UnicodeBig"/>
    <property name="socksNonProxyHosts" value="local|*.local|169.254/16|*.169.254/16"/>
    <property name="java.class.version" value="63.0"/>
  </properties>
  <testcase name="userFlow" classname="test.UserTest" time="6.59">
    <system-out><![CDATA[Request method:	POST
Request URI:	https://vmos2.vmos-demo.com/user/v1/user
Proxy:			<none>
Request params:	<none>
Query params:	<none>
Form params:	<none>
Path params:	<none>
Headers:		Tenant=695a1486-80e7-4ee6-bc55-f4911944ef2a
				Accept=*/*
				Content-Type=application/json
Cookies:		<none>
Multiparts:		<none>
Body:
{
    "profile": {
        "firstName": "Alvin Mueller"
    },
    "email": "herbert.gottlieb@gmail.com",
    "password": "Test@123",
    "storeUUID": "",
    "locale": "en-GB"
}
Request method:	POST
Request URI:	https://vmos2.vmos-demo.com/user/v1/auth
Proxy:			<none>
Request params:	<none>
Query params:	<none>
Form params:	<none>
Path params:	<none>
Headers:		Accept=*/*
				Content-Type=application/json
Cookies:		<none>
Multiparts:		<none>
Body:
{
    "email": "herbert.gottlieb@gmail.com",
    "password": "Test@123"
}
]]></system-out>
    <system-err><![CDATA[SLF4J: Failed to load class "org.slf4j.impl.StaticLoggerBinder".
SLF4J: Defaulting to no-operation (NOP) logger implementation
SLF4J: See http://www.slf4j.org/codes.html#StaticLoggerBinder for further details.
]]></system-err>
  </testcase>
</testsuite>