<?xml version="1.0" encoding="UTF-8"?>
<!-- Generated by org.testng.reporters.JUnitReportReporter -->
<testsuite hostname="Shashanks-MacBook-Pro.local" failures="0" tests="1" name="test.UserTest" time="6.589" errors="0" timestamp="2023-07-15T03:33:57 IST" skipped="0">
  <testcase classname="test.UserTest" name="userFlow" time="6.589"/>
  <system-out/>
</testsuite> <!-- test.UserTest -->
